<?xml version="1.0" encoding="UTF-8"?>
<!-- Generated by org.testng.reporters.JUnitReportReporter -->
<testsuite hostname="iDeliver20-PC" name="testClass.TC001_SearchFlights_Yatra" tests="1" failures="0" timestamp="1 Jul 2021 09:17:32 GMT" time="45.426" errors="0">
  <testcase name="searchFlightTest" time="45.426" classname="testClass.TC001_SearchFlights_Yatra"/>
</testsuite> <!-- testClass.TC001_SearchFlights_Yatra -->
